<?xml version="1.0" encoding="UTF-8"?>
<!-- Generated by org.testng.reporters.JUnitReportReporter -->
<testsuite hostname="YafiHP" failures="0" tests="1" name="CreateAccount" time="36.846" errors="0" timestamp="2020-08-29T19:52:05 EDT" skipped="0">
  <testcase classname="CreateAccount" name="createAFreeAccount" time="36.846"/>
</testsuite> <!-- CreateAccount -->
