<?xml version="1.0" encoding="UTF-8"?>
<!-- Generated by org.testng.reporters.JUnitReportReporter -->
<testsuite hostname="YafiHP" failures="0" tests="4" name="HomePageLinkVerify" time="21.342" errors="0" timestamp="27 Aug 2020 17:09:35 GMT" skipped="3">
  <testcase classname="HomePageLinkVerify" name="loginLinkOnHomePage" time="21.342"/>
  <testcase classname="HomePageLinkVerify" name="watchDemoLinkOnHomePage">
    <skipped/>
  </testcase> <!-- watchDemoLinkOnHomePage -->
  <testcase classname="HomePageLinkVerify" name="allHomePageLink">
    <skipped/>
  </testcase> <!-- allHomePageLink -->
  <testcase classname="HomePageLinkVerify" name="getStartedLinkOnHomePage">
    <skipped/>
  </testcase> <!-- getStartedLinkOnHomePage -->
</testsuite> <!-- HomePageLinkVerify -->
