<?xml version="1.0" encoding="UTF-8"?>
<!-- Generated by org.testng.reporters.JUnitReportReporter -->
<testsuite hostname="YafiHP" failures="0" tests="1" name="Login" time="23.648" errors="0" timestamp="2020-08-29T19:52:05 EDT" skipped="0">
  <testcase classname="Login" name="verifyLoginWithoutValidCredential" time="23.648"/>
</testsuite> <!-- Login -->
