<?xml version="1.0" encoding="UTF-8"?>
<!-- Generated by org.testng.reporters.JUnitReportReporter -->
<testsuite hostname="YafiHP" failures="0" tests="1" name="WatchDemoVideo" time="74.459" errors="0" timestamp="2020-08-29T19:52:05 EDT" skipped="0">
  <testcase classname="WatchDemoVideo" name="watchDemoVideoValidation" time="74.459"/>
</testsuite> <!-- WatchDemoVideo -->
