<?xml version="1.0" encoding="UTF-8"?>
<!-- Generated by org.testng.reporters.JUnitReportReporter -->
<testsuite hostname="YafiHP" failures="0" tests="4" name="HomePageLinkVerify" time="50.704" errors="0" timestamp="2020-08-29T19:52:05 EDT" skipped="1">
  <testcase classname="HomePageLinkVerify" name="getStartedLink" time="14.152"/>
  <testcase classname="HomePageLinkVerify" name="watchDemoLink" time="14.010"/>
  <testcase classname="HomePageLinkVerify" name="allHomePageLink" time="22.542"/>
  <testcase classname="HomePageLinkVerify" name="loginLink">
    <skipped/>
  </testcase> <!-- loginLink -->
</testsuite> <!-- HomePageLinkVerify -->
