<?xml version="1.0" encoding="UTF-8"?>
<!-- Generated by org.testng.reporters.JUnitReportReporter -->
<testsuite hostname="YafiHP" failures="0" tests="1" name="liveChatWindow" time="29.931" errors="0" timestamp="2020-08-29T12:55:19 EDT" skipped="0">
  <testcase classname="liveChatWindow" name="verifylivechat" time="29.931"/>
</testsuite> <!-- liveChatWindow -->
