<?xml version="1.0" encoding="UTF-8"?>
<!-- Generated by org.testng.reporters.JUnitReportReporter -->
<testsuite hostname="YafiHP" failures="0" tests="1" name="Pricing" time="39.160" errors="0" timestamp="28 Aug 2020 08:50:53 GMT" skipped="0">
  <testcase classname="Pricing" name="createAFreeAccount" time="39.160"/>
</testsuite> <!-- Pricing -->
