<?xml version="1.0" encoding="UTF-8"?>
<!-- Generated by org.testng.reporters.JUnitReportReporter -->
<testsuite hostname="YafiHP" failures="0" tests="1" name="Pricing" time="19.427" errors="0" timestamp="2020-08-29T19:52:05 EDT" skipped="0">
  <testcase classname="Pricing" name="priceQuoteWithoutInput" time="19.427"/>
</testsuite> <!-- Pricing -->
