<?xml version="1.0" encoding="UTF-8"?>
<!-- Generated by org.testng.reporters.JUnitReportReporter -->
<testsuite hostname="YafiHP" failures="0" tests="1" name="Login" time="19.741" errors="0" timestamp="2020-08-28T18:20:24 EDT" skipped="0">
  <testcase classname="Login" name="loginWithoutAnyCredential" time="19.741"/>
</testsuite> <!-- Login -->
